<?xml version="1.0" encoding="UTF-8" ?>
<testsuite tests="3" failures="0" name="TestRunner" time="27.779" errors="0" skipped="0">
  <properties>
[...]
</properties>
  <testcase classname="Git Hub sign in" name="error message is displayed upon registration with invalid email pattern" time="9.063"/>
  <testcase classname="Git Hub sign in" name="message under password field indicates a completeness of password requirements" time="10.507"/>
  <testcase classname="Git Hub sign in" name="error message is displayed upon registration with already existent username" time="8.209"/>
</testsuite>